[2026-03-31 08:00:01] ========================================
[2026-03-31 08:00:01] 开始每日高质量面试题更新
[2026-03-31 08:00:01] ========================================
[2026-03-31 08:00:05] 
[2026-03-31 08:00:05] ============================================================
[2026-03-31 08:00:05] 🔄 每日高质量面试题更新
[2026-03-31 08:00:05] ============================================================
[2026-03-31 08:00:05] 
[2026-03-31 08:00:05] 正在更新 java...
[2026-03-31 08:00:05]   ✅ 新增 0 道高质量题目，生成文档: java_senior_2026-03-31.md
[2026-03-31 08:00:05] 正在更新 jvm...
[2026-03-31 08:00:05]   ✅ 新增 0 道高质量题目，生成文档: jvm_senior_2026-03-31.md
[2026-03-31 08:00:05] 正在更新 concurrent...
[2026-03-31 08:00:05]   ✅ 新增 0 道高质量题目，生成文档: concurrent_senior_2026-03-31.md
[2026-03-31 08:00:05] 正在更新 spring...
[2026-03-31 08:00:06]   ✅ 新增 0 道高质量题目，生成文档: spring_senior_2026-03-31.md
[2026-03-31 08:00:06] 正在更新 database...
[2026-03-31 08:00:06]   ✅ 新增 0 道高质量题目，生成文档: database_senior_2026-03-31.md
[2026-03-31 08:00:06] 正在更新 cache...
[2026-03-31 08:00:06]   ✅ 新增 0 道高质量题目，生成文档: cache_senior_2026-03-31.md
[2026-03-31 08:00:06] 正在更新 distributed...
[2026-03-31 08:00:06]   ✅ 新增 0 道高质量题目，生成文档: distributed_senior_2026-03-31.md
[2026-03-31 08:00:06] 正在更新 design...
[2026-03-31 08:00:06]   ✅ 新增 0 道高质量题目，生成文档: design_senior_2026-03-31.md
[2026-03-31 08:00:06] 
[2026-03-31 08:00:06] ============================================================
[2026-03-31 08:00:06] 📊 更新完成
[2026-03-31 08:00:06]   总新增题目: 0
[2026-03-31 08:00:06]   生成文档数: 8
[2026-03-31 08:00:06]   质量等级: 高质量(已核实)
[2026-03-31 08:00:06] ============================================================
[2026-03-31 08:00:06] 
[2026-03-31 08:00:06] 📄 生成的文档:
[2026-03-31 08:00:06]   - /home/liam/.openclaw/workspace/skills/java-backend-interview/output/java_senior_2026-03-31.md
[2026-03-31 08:00:06]   - /home/liam/.openclaw/workspace/skills/java-backend-interview/output/jvm_senior_2026-03-31.md
[2026-03-31 08:00:07]   - /home/liam/.openclaw/workspace/skills/java-backend-interview/output/concurrent_senior_2026-03-31.md
[2026-03-31 08:00:07]   - /home/liam/.openclaw/workspace/skills/java-backend-interview/output/spring_senior_2026-03-31.md
[2026-03-31 08:00:07]   - /home/liam/.openclaw/workspace/skills/java-backend-interview/output/database_senior_2026-03-31.md
[2026-03-31 08:00:09]   - /home/liam/.openclaw/workspace/skills/java-backend-interview/output/cache_senior_2026-03-31.md
[2026-03-31 08:00:10]   - /home/liam/.openclaw/workspace/skills/java-backend-interview/output/distributed_senior_2026-03-31.md
[2026-03-31 08:00:11]   - /home/liam/.openclaw/workspace/skills/java-backend-interview/output/design_senior_2026-03-31.md
[2026-03-31 08:00:11] 
[2026-03-31 08:00:11] ========================================
[2026-03-31 08:00:11] 每日更新完成
[2026-03-31 08:00:11] ========================================
[2026-03-31 08:00:11] 清理30天前的日志文件完成
