[2026-04-12 08:00:01] ========================================
[2026-04-12 08:00:01] 开始每日高质量面试题更新
[2026-04-12 08:00:01] ========================================
[2026-04-12 08:00:02] 
[2026-04-12 08:00:02] ============================================================
[2026-04-12 08:00:02] 🔄 每日高质量面试题更新
[2026-04-12 08:00:02] ============================================================
[2026-04-12 08:00:02] 
[2026-04-12 08:00:02] 正在更新 java...
[2026-04-12 08:00:02]   ✅ 新增 0 道高质量题目，生成文档: java_senior_2026-04-12.md
[2026-04-12 08:00:02] 正在更新 jvm...
[2026-04-12 08:00:02]   ✅ 新增 0 道高质量题目，生成文档: jvm_senior_2026-04-12.md
[2026-04-12 08:00:02] 正在更新 concurrent...
[2026-04-12 08:00:02]   ✅ 新增 0 道高质量题目，生成文档: concurrent_senior_2026-04-12.md
[2026-04-12 08:00:02] 正在更新 spring...
[2026-04-12 08:00:02]   ✅ 新增 0 道高质量题目，生成文档: spring_senior_2026-04-12.md
[2026-04-12 08:00:02] 正在更新 database...
[2026-04-12 08:00:02]   ✅ 新增 0 道高质量题目，生成文档: database_senior_2026-04-12.md
[2026-04-12 08:00:02] 正在更新 cache...
[2026-04-12 08:00:02]   ✅ 新增 0 道高质量题目，生成文档: cache_senior_2026-04-12.md
[2026-04-12 08:00:02] 正在更新 distributed...
[2026-04-12 08:00:02]   ✅ 新增 0 道高质量题目，生成文档: distributed_senior_2026-04-12.md
[2026-04-12 08:00:02] 正在更新 design...
[2026-04-12 08:00:02]   ✅ 新增 0 道高质量题目，生成文档: design_senior_2026-04-12.md
[2026-04-12 08:00:02] 
[2026-04-12 08:00:02] ============================================================
[2026-04-12 08:00:02] 📊 更新完成
[2026-04-12 08:00:02]   总新增题目: 0
[2026-04-12 08:00:02]   生成文档数: 8
[2026-04-12 08:00:02]   质量等级: 高质量(已核实)
[2026-04-12 08:00:02] ============================================================
[2026-04-12 08:00:02] 
[2026-04-12 08:00:02] 📄 生成的文档:
[2026-04-12 08:00:02]   - /home/liam/.openclaw/workspace/skills/java-backend-interview/output/java_senior_2026-04-12.md
[2026-04-12 08:00:02]   - /home/liam/.openclaw/workspace/skills/java-backend-interview/output/jvm_senior_2026-04-12.md
[2026-04-12 08:00:02]   - /home/liam/.openclaw/workspace/skills/java-backend-interview/output/concurrent_senior_2026-04-12.md
[2026-04-12 08:00:02]   - /home/liam/.openclaw/workspace/skills/java-backend-interview/output/spring_senior_2026-04-12.md
[2026-04-12 08:00:02]   - /home/liam/.openclaw/workspace/skills/java-backend-interview/output/database_senior_2026-04-12.md
[2026-04-12 08:00:02]   - /home/liam/.openclaw/workspace/skills/java-backend-interview/output/cache_senior_2026-04-12.md
[2026-04-12 08:00:02]   - /home/liam/.openclaw/workspace/skills/java-backend-interview/output/distributed_senior_2026-04-12.md
[2026-04-12 08:00:02]   - /home/liam/.openclaw/workspace/skills/java-backend-interview/output/design_senior_2026-04-12.md
[2026-04-12 08:00:02] 
[2026-04-12 08:00:02] ========================================
[2026-04-12 08:00:02] 每日更新完成
[2026-04-12 08:00:02] ========================================
[2026-04-12 08:00:02] 开始生成前端网站数据...
[2026-04-12 08:00:02] 开始生成前端JavaScript数据...
[2026-04-12 08:00:02] ✓ 生成完成！总共 165 道题目
[2026-04-12 08:00:02] ✓ 输出文件: /home/liam/.openclaw/workspace/script.js
[2026-04-12 08:00:02] 开始推送到GitHub...
On branch master
Changes to be committed:
  (use "git restore --staged <file>..." to unstage)
	modified:   skills/java-backend-interview/data/questions.json
	modified:   skills/java-backend-interview/logs/daily_update_20260411.log
	new file:   skills/java-backend-interview/logs/daily_update_20260412.log
	new file:   skills/java-backend-interview/output/cache_senior_2026-04-12.md
	new file:   skills/java-backend-interview/output/concurrent_senior_2026-04-12.md
	new file:   skills/java-backend-interview/output/database_senior_2026-04-12.md
	new file:   skills/java-backend-interview/output/design_senior_2026-04-12.md
	new file:   skills/java-backend-interview/output/distributed_senior_2026-04-12.md
	new file:   skills/java-backend-interview/output/java_senior_2026-04-12.md
	new file:   skills/java-backend-interview/output/jvm_senior_2026-04-12.md
	new file:   skills/java-backend-interview/output/spring_senior_2026-04-12.md

Changes not staged for commit:
  (use "git add <file>..." to update what will be committed)
  (use "git restore <file>..." to discard changes in working directory)
  (commit or discard the untracked or modified content in submodules)
	modified:   card2a4 (modified content, untracked content)

[master a742cd9] docs: daily update 2026-04-12
 11 files changed, 2952 insertions(+)
 create mode 100644 skills/java-backend-interview/logs/daily_update_20260412.log
 create mode 100644 skills/java-backend-interview/output/cache_senior_2026-04-12.md
 create mode 100644 skills/java-backend-interview/output/concurrent_senior_2026-04-12.md
 create mode 100644 skills/java-backend-interview/output/database_senior_2026-04-12.md
 create mode 100644 skills/java-backend-interview/output/design_senior_2026-04-12.md
 create mode 100644 skills/java-backend-interview/output/distributed_senior_2026-04-12.md
 create mode 100644 skills/java-backend-interview/output/java_senior_2026-04-12.md
 create mode 100644 skills/java-backend-interview/output/jvm_senior_2026-04-12.md
 create mode 100644 skills/java-backend-interview/output/spring_senior_2026-04-12.md
To github.com:EasyLiam/java-wiki.git
   7ee71ca..a742cd9  master -> master
[2026-04-12 08:00:06] GitHub推送成功
[2026-04-12 08:00:06] 清理30天前的日志文件完成
