[2026-04-01 08:00:01] ========================================
[2026-04-01 08:00:01] 开始每日高质量面试题更新
[2026-04-01 08:00:01] ========================================
[2026-04-01 08:00:01] 
[2026-04-01 08:00:01] ============================================================
[2026-04-01 08:00:01] 🔄 每日高质量面试题更新
[2026-04-01 08:00:01] ============================================================
[2026-04-01 08:00:01] 
[2026-04-01 08:00:01] 正在更新 java...
[2026-04-01 08:00:01]   ✅ 新增 0 道高质量题目，生成文档: java_senior_2026-04-01.md
[2026-04-01 08:00:01] 正在更新 jvm...
[2026-04-01 08:00:01]   ✅ 新增 0 道高质量题目，生成文档: jvm_senior_2026-04-01.md
[2026-04-01 08:00:01] 正在更新 concurrent...
[2026-04-01 08:00:01]   ✅ 新增 0 道高质量题目，生成文档: concurrent_senior_2026-04-01.md
[2026-04-01 08:00:01] 正在更新 spring...
[2026-04-01 08:00:01]   ✅ 新增 0 道高质量题目，生成文档: spring_senior_2026-04-01.md
[2026-04-01 08:00:01] 正在更新 database...
[2026-04-01 08:00:01]   ✅ 新增 0 道高质量题目，生成文档: database_senior_2026-04-01.md
[2026-04-01 08:00:01] 正在更新 cache...
[2026-04-01 08:00:01]   ✅ 新增 0 道高质量题目，生成文档: cache_senior_2026-04-01.md
[2026-04-01 08:00:01] 正在更新 distributed...
[2026-04-01 08:00:01]   ✅ 新增 0 道高质量题目，生成文档: distributed_senior_2026-04-01.md
[2026-04-01 08:00:01] 正在更新 design...
[2026-04-01 08:00:01]   ✅ 新增 0 道高质量题目，生成文档: design_senior_2026-04-01.md
[2026-04-01 08:00:01] 
[2026-04-01 08:00:01] ============================================================
[2026-04-01 08:00:01] 📊 更新完成
[2026-04-01 08:00:01]   总新增题目: 0
[2026-04-01 08:00:01]   生成文档数: 8
[2026-04-01 08:00:01]   质量等级: 高质量(已核实)
[2026-04-01 08:00:01] ============================================================
[2026-04-01 08:00:01] 
[2026-04-01 08:00:01] 📄 生成的文档:
[2026-04-01 08:00:01]   - /home/liam/.openclaw/workspace/skills/java-backend-interview/output/java_senior_2026-04-01.md
[2026-04-01 08:00:01]   - /home/liam/.openclaw/workspace/skills/java-backend-interview/output/jvm_senior_2026-04-01.md
[2026-04-01 08:00:01]   - /home/liam/.openclaw/workspace/skills/java-backend-interview/output/concurrent_senior_2026-04-01.md
[2026-04-01 08:00:01]   - /home/liam/.openclaw/workspace/skills/java-backend-interview/output/spring_senior_2026-04-01.md
[2026-04-01 08:00:01]   - /home/liam/.openclaw/workspace/skills/java-backend-interview/output/database_senior_2026-04-01.md
[2026-04-01 08:00:01]   - /home/liam/.openclaw/workspace/skills/java-backend-interview/output/cache_senior_2026-04-01.md
[2026-04-01 08:00:01]   - /home/liam/.openclaw/workspace/skills/java-backend-interview/output/distributed_senior_2026-04-01.md
[2026-04-01 08:00:01]   - /home/liam/.openclaw/workspace/skills/java-backend-interview/output/design_senior_2026-04-01.md
[2026-04-01 08:00:01] 
[2026-04-01 08:00:01] ========================================
[2026-04-01 08:00:01] 每日更新完成
[2026-04-01 08:00:01] ========================================
[2026-04-01 08:00:01] 开始生成前端网站数据...
[2026-04-01 08:00:01] 开始生成前端JavaScript数据...
[2026-04-01 08:00:01] ✓ 生成完成！总共 165 道题目
[2026-04-01 08:00:01] ✓ 输出文件: /home/liam/.openclaw/workspace/script.js
[2026-04-01 08:00:01] 开始推送到GitHub...
warning: adding embedded git repository: card2a4
hint: You've added another git repository inside your current repository.
hint: Clones of the outer repository will not contain the contents of
hint: the embedded repository and will not know how to obtain it.
hint: If you meant to add a submodule, use:
hint: 
hint: 	git submodule add <url> card2a4
hint: 
hint: If you added this path by mistake, you can remove it from the
hint: index with:
hint: 
hint: 	git rm --cached card2a4
hint: 
hint: See "git help submodule" for more information.
